time,latitude,longitude
313487,56.307579,44.079326
320453,56.307677,44.079241
322490,56.307858,44.079157
323469,56.307972,44.079090
323678,56.307160,44.078286
324516,56.308083,44.078996
326471,56.308142,44.078896
328475,56.308191,44.078760
332482,56.308450,44.078383
333485,56.308581,44.078246
334453,56.308718,44.078099
335500,56.308878,44.077973
336525,56.309035,44.077850
337488,56.309182,44.077731
338480,56.309261,44.077640
345483,56.309634,44.077193
346467,56.309621,44.077139
348527,56.309655,44.076981
350483,56.309701,44.076818
352474,56.309747,44.076661
354495,56.309802,44.076515
356453,56.309868,44.076411
358483,56.309931,44.076306
360508,56.309961,44.076168
361545,56.309995,44.076104
363507,56.310076,44.075956
364485,56.310084,44.075889
366511,56.310136,44.075731
369480,56.310244,44.075515
371509,56.310293,44.075392
373513,56.310345,44.075268
376492,56.310449,44.075130
389487,56.311091,44.074355
391484,56.311247,44.074291
393462,56.311401,44.074226
394503,56.311485,44.074185
396545,56.311620,44.074092
398492,56.311742,44.074043
400509,56.311803,44.073896
402508,56.311837,44.073704
404502,56.311931,44.073602
404593,56.311999,44.073041
405491,56.311989,44.073556
407474,56.312098,44.073449
409498,56.312222,44.073339
411494,56.312344,44.073218
413501,56.312467,44.073108
415478,56.312567,44.072975
417481,56.312651,44.072822
419499,56.312739,44.072660
421496,56.312861,44.072523
423496,56.313009,44.072396
424547,56.312731,44.072100
424578,56.313071,44.072337
426502,56.313226,44.072270
428474,56.313392,44.072231
430491,56.313568,44.072181
432531,56.313684,44.072097
434469,56.313753,44.071974
436476,56.313848,44.071855
438528,56.313967,44.071781
440505,56.314053,44.071689
442475,56.314149,44.071618
443783,56.312852,44.071976
444510,56.314254,44.071551
446480,56.314374,44.071504
448481,56.314492,44.071490
450517,56.314606,44.071450
452482,56.314730,44.071422
453513,56.314805,44.071423
455482,56.314962,44.071424
457489,56.315092,44.071388
459514,56.315236,44.071337
461500,56.315384,44.071272
463490,56.315519,44.071189
465532,56.315692,44.071108
466618,56.314621,44.070423
467514,56.315831,44.071031
469500,56.315972,44.070949
471499,56.316089,44.070852
473520,56.316162,44.070749
476482,56.316217,44.070655
buffer cleaned!
483839,56.315035,44.069917
484481,56.316174,44.070617
488468,56.316136,44.070623
495458,56.316224,44.070433
497468,56.316292,44.070239
499498,56.316385,44.070062
500466,56.316454,44.069952
502487,56.316585,44.069760
503471,56.316627,44.069648
504939,56.316506,44.067741
505479,56.316660,44.069422
506489,56.316690,44.069297
508486,56.316757,44.069053
509492,56.316787,44.068918
510531,56.316819,44.068794
511480,56.316842,44.068652
512477,56.316886,44.068514
513484,56.316927,44.068361
514453,56.316990,44.068224
515480,56.317047,44.068085
516513,56.317099,44.067936
517482,56.317138,44.067773
518481,56.317179,44.067644
520512,56.317208,44.067414
522511,56.317213,44.067206
524481,56.317250,44.066978
524675,56.316917,44.066200
525494,56.317251,44.066856
527488,56.317293,44.066617
528526,56.317334,44.066496
529469,56.317374,44.066369
531497,56.317440,44.066157
533486,56.317470,44.065944
535512,56.317536,44.065735
537488,56.317564,44.065544
539517,56.317622,44.065348
540514,56.317691,44.065267
541503,56.317780,44.065169
542489,56.317866,44.065070
543480,56.317916,44.064969
543898,56.316984,44.066018
544479,56.317945,44.064877
546516,56.317982,44.064705
548497,56.317976,44.064559
550497,56.317946,44.064426
552525,56.317935,44.064262
554492,56.317911,44.064085
556470,56.317905,44.063908
558509,56.317921,44.063669
560485,56.317946,44.063426
562463,56.317995,44.063208
563930,56.316951,44.065957
564502,56.318038,44.062960
566496,56.318063,44.062701
567464,56.318086,44.062589
569483,56.318115,44.062344
570507,56.318151,44.062231
571483,56.318184,44.062105
572459,56.318216,44.061996
573483,56.318238,44.061889
574460,56.318275,44.061776
575452,56.318316,44.061667
576524,56.318347,44.061561
578501,56.318376,44.061350
579501,56.318392,44.061239
580497,56.318415,44.061133
581497,56.318443,44.061026
583484,56.318511,44.060863
584511,56.318553,44.060773
584915,56.318299,44.060566
585504,56.318590,44.060667
586499,56.318621,44.060559
588522,56.318649,44.060335
590751,56.318695,44.060130
592505,56.318707,44.059901
593485,56.318728,44.059776
594511,56.318752,44.059657
595478,56.318785,44.059539
596485,56.318811,44.059421
598477,56.318829,44.059225
600520,56.318878,44.059021
602501,56.318926,44.058825
603993,56.318322,44.060463
604475,56.318957,44.058649
606514,56.319007,44.058483
608504,56.319068,44.058319
610493,56.319135,44.058162
612528,56.319167,44.057982
614468,56.319190,44.057799
616502,56.319221,44.057610
617501,56.319259,44.057506
619505,56.319315,44.057279
620498,56.319346,44.057163
621480,56.319376,44.057053
buffer cleaned!
623474,56.319427,44.056854
625440,56.318787,44.058659
625493,56.319455,44.056612
626483,56.319477,44.056489
628512,56.319523,44.056266
629480,56.319557,44.056140
630526,56.319576,44.056009
631507,56.319603,44.055885
633509,56.319646,44.055661
634494,56.319675,44.055536
635488,56.319709,44.055419
636524,56.319734,44.055307
637490,56.319758,44.055195
639518,56.319799,44.055006
641507,56.319884,44.054832
643490,56.319916,44.054672
645144,56.319790,44.054151
645494,56.319994,44.054501
646504,56.320025,44.054391
648518,56.320078,44.054191
650499,56.320150,44.053972
651516,56.320183,44.053861
653490,56.320255,44.053678
655504,56.320330,44.053496
656527,56.320393,44.053410
657521,56.320449,44.053316
658507,56.320503,44.053203
659507,56.320536,44.053093
660558,56.320537,44.052967
662530,56.320543,44.052705
663519,56.320557,44.052567
663953,56.319812,44.054009
664507,56.320566,44.052424
665513,56.320553,44.052275
667498,56.320551,44.052011
669492,56.320538,44.051753
670502,56.320532,44.051625
672540,56.320542,44.051383
674757,56.320525,44.051152
676509,56.320516,44.050914
677497,56.320537,44.050796
678545,56.320566,44.050670
680508,56.320605,44.050468
682516,56.320646,44.050321
683497,56.320679,44.050197
684548,56.320719,44.050044
685499,56.320743,44.049862
686499,56.320765,44.049691
687481,56.320764,44.049515
688494,56.320769,44.049350
689486,56.320779,44.049193
691491,56.320805,44.048936
692504,56.320836,44.048796
693506,56.320845,44.048637
694509,56.320865,44.048480
695514,56.320868,44.048329
696525,56.320879,44.048213
697510,56.320899,44.048102
699540,56.320923,44.047923
701505,56.320930,44.047767
706972,56.320662,44.048401
707498,56.320887,44.047759
711523,56.320752,44.047739
715517,56.320780,44.047616
717491,56.320875,44.047538
720536,56.320944,44.047444
721498,56.320954,44.047439
724129,56.320713,44.048139
724489,56.320957,44.047400
726523,56.320992,44.047345
728503,56.321046,44.047184
730514,56.321068,44.046917
731508,56.321082,44.046763
732524,56.321102,44.046602
733497,56.321139,44.046441
734506,56.321148,44.046261
735510,56.321155,44.046070
736484,56.321186,44.045845
737502,56.321244,44.045639
738764,56.321314,44.045429
739499,56.321349,44.045257
740506,56.321403,44.045092
741506,56.321436,44.044944
742491,56.321463,44.044790
743520,56.321471,44.044643
744541,56.321477,44.044472
744941,56.320859,44.046772
745506,56.321477,44.044315
746507,56.321466,44.044150
747491,56.321479,44.043986
748518,56.321471,44.043826
749503,56.321482,44.043662
750530,56.321467,44.043533
751508,56.321437,44.043392
buffer cleaned!